<?xml version="1.0" encoding="UTF-8"?>
<testsuite xmlns:xsi="http://www.w3.org/2001/XMLSchema-instance" xsi:noNamespaceSchemaLocation="https://maven.apache.org/surefire/maven-surefire-plugin/xsd/surefire-test-report-3.0.xsd" version="3.0" name="com.usermanagement.services.UserServiceTest" time="0.744" tests="7" errors="0" skipped="0" failures="0">
  <properties>
[...]
</properties>
  <testcase name="findByID_ExistingId_ReturnsUser" classname="com.usermanagement.services.UserServiceTest" time="0.705">
    <system-out><![CDATA[2024-09-17 11:26:30 DEBUG c.u.services.UserService - Finding user with ID: 1
]]></system-out>
    <system-err><![CDATA[WARNING: A Java agent has been loaded dynamically (/Users/B0317258/.m2/repository/net/bytebuddy/byte-buddy-agent/1.14.18/byte-buddy-agent-1.14.18.jar)
WARNING: If a serviceability tool is in use, please run with -XX:+EnableDynamicAgentLoading to hide this warning
WARNING: If a serviceability tool is not in use, please run with -Djdk.instrument.traceUsage for more information
WARNING: Dynamic loading of agents will be disallowed by default in a future release
]]></system-err>
  </testcase>
  <testcase name="findByID_NonExistingId_ThrowsResourceNotFoundException" classname="com.usermanagement.services.UserServiceTest" time="0.009">
    <system-out><![CDATA[2024-09-17 11:26:30 DEBUG c.u.services.UserService - Finding user with ID: 1
2024-09-17 11:26:30 ERROR c.u.services.UserService - User with ID 1 not found
]]></system-out>
  </testcase>
  <testcase name="save_ExistingEmail_ThrowsDuplicateEmailException" classname="com.usermanagement.services.UserServiceTest" time="0.003">
    <system-out><![CDATA[2024-09-17 11:26:30 INFO  c.u.services.UserService - Saving user: User(id=1, firstName=test, lastName=user, password=password123, email=test@example.com)
2024-09-17 11:26:30 ERROR c.u.services.UserService - Attempted to save user with existing email: test@example.com
]]></system-out>
  </testcase>
  <testcase name="deleteById_NonExistingId_ThrowsResourceNotFoundException" classname="com.usermanagement.services.UserServiceTest" time="0.001">
    <system-out><![CDATA[2024-09-17 11:26:30 INFO  c.u.services.UserService - Deleting user with ID: 1
2024-09-17 11:26:30 ERROR c.u.services.UserService - User with ID 1 not found for deletion
]]></system-out>
  </testcase>
  <testcase name="save_NewUser_SuccessfullySavesUser" classname="com.usermanagement.services.UserServiceTest" time="0.008">
    <system-out><![CDATA[2024-09-17 11:26:30 INFO  c.u.services.UserService - Saving user: User(id=1, firstName=test, lastName=user, password=password123, email=test@example.com)
2024-09-17 11:26:30 INFO  c.u.services.UserService - Successfully saved user: User(id=1, firstName=test, lastName=user, password=password123, email=test@example.com)
]]></system-out>
  </testcase>
  <testcase name="findAll_ReturnsListOfUsers" classname="com.usermanagement.services.UserServiceTest" time="0.001">
    <system-out><![CDATA[2024-09-17 11:26:30 DEBUG c.u.services.UserService - Get all users.
2024-09-17 11:26:30 DEBUG c.u.services.UserService - Received 1 users
]]></system-out>
  </testcase>
  <testcase name="deleteById_ExistingId_SuccessfullyDeletesUser" classname="com.usermanagement.services.UserServiceTest" time="0.001">
    <system-out><![CDATA[2024-09-17 11:26:30 INFO  c.u.services.UserService - Deleting user with ID: 1
2024-09-17 11:26:30 INFO  c.u.services.UserService - Successfully deleted user with ID: 1
]]></system-out>
  </testcase>
</testsuite>