<?xml version="1.0" encoding="UTF-8"?>
<testsuite xmlns:xsi="http://www.w3.org/2001/XMLSchema-instance" xsi:noNamespaceSchemaLocation="https://maven.apache.org/surefire/maven-surefire-plugin/xsd/surefire-test-report-3.0.xsd" version="3.0" name="com.usermanagement.rest.ControllerTest" time="0.732" tests="7" errors="0" skipped="0" failures="0">
  <properties>
[...]
</properties>
  <testcase name="testGetUserNotFound" classname="com.usermanagement.rest.ControllerTest" time="0.038">
    <system-out><![CDATA[2024-09-17 15:28:09 DEBUG o.s.b.t.a.w.s.WebMvcTestContextBootstrapper - Neither @ContextConfiguration nor @ContextHierarchy found for test class [ControllerTest]: using SpringBootContextLoader
2024-09-17 15:28:09 DEBUG o.s.t.c.s.AbstractContextLoader - Could not detect default resource locations for test class [com.usermanagement.rest.ControllerTest]: no resource found for suffixes {-context.xml, Context.groovy}.
2024-09-17 15:28:09 INFO  o.s.t.c.s.AnnotationConfigContextLoaderUtils - Could not detect default configuration classes for test class [com.usermanagement.rest.ControllerTest]: ControllerTest does not declare any static, non-private, non-final, nested classes annotated with @Configuration.
2024-09-17 15:28:09 DEBUG o.s.b.t.a.w.s.WebMvcTestContextBootstrapper - Using ContextCustomizerFactory implementations for test class [ControllerTest]: [ImportsContextCustomizerFactory, ExcludeFilterContextCustomizerFactory, HttpGraphQlTesterContextCustomizerFactory, DuplicateJsonObjectContextCustomizerFactory, MockitoContextCustomizerFactory, TestRestTemplateContextCustomizerFactory, WebTestClientContextCustomizerFactory, DisableReactorResourceFactoryGlobalResourcesContextCustomizerFactory, OverrideAutoConfigurationContextCustomizerFactory, ObservabilityContextCustomizerFactory, TypeExcludeFiltersContextCustomizerFactory, PropertyMappingContextCustomizerFactory, WebDriverContextCustomizerFactory, MockServerContainerContextCustomizerFactory, DynamicPropertiesContextCustomizerFactory]
2024-09-17 15:28:09 DEBUG o.s.b.t.a.w.s.WebMvcTestContextBootstrapper - Using ContextCustomizers for test class [ControllerTest]: [ImportsContextCustomizer, ExcludeFilterContextCustomizer, DuplicateJsonObjectContextCustomizer, MockitoContextCustomizer, DisableReactorResourceFactoryGlobalResourcesContextCustomizerCustomizer, DisableAutoConfigurationContextCustomizer, DisableObservabilityContextCustomizer, TypeExcludeFiltersContextCustomizer, PropertyMappingContextCustomizer, WebDriverContextCustomizer]
2024-09-17 15:28:09 DEBUG o.s.c.a.ClassPathScanningCandidateComponentProvider - Identified candidate component class: file [/Users/B0317258/Desktop/UserManagement-main/target/classes/com/usermanagement/UserApplication.class]
2024-09-17 15:28:09 INFO  o.s.b.t.c.SpringBootTestContextBootstrapper - Found @SpringBootConfiguration com.usermanagement.UserApplication for test class com.usermanagement.rest.ControllerTest
2024-09-17 15:28:09 DEBUG o.s.t.c.u.TestContextSpringFactoriesUtils - Skipping candidate TestExecutionListener [org.springframework.test.context.observation.MicrometerObservationRegistryTestExecutionListener] due to a missing dependency. Specify custom TestExecutionListener classes or make the default TestExecutionListener classes and their required dependencies available. Offending class: io.micrometer.context.ThreadLocalAccessor. MicrometerObservationRegistryTestExecutionListener requires io.micrometer:micrometer-observation:1.10.8 or higher and io.micrometer:context-propagation:1.0.3 or higher.
2024-09-17 15:28:09 DEBUG o.s.b.t.a.w.s.WebMvcTestContextBootstrapper - Using TestExecutionListeners for test class [ControllerTest]: [ServletTestExecutionListener, DirtiesContextBeforeModesTestExecutionListener, ApplicationEventsTestExecutionListener, MockitoTestExecutionListener, DependencyInjectionTestExecutionListener, DirtiesContextTestExecutionListener, TransactionalTestExecutionListener, SqlScriptsTestExecutionListener, EventPublishingTestExecutionListener, ResetMocksTestExecutionListener, RestDocsTestExecutionListener, MockRestServiceServerResetTestExecutionListener, MockMvcPrintOnlyOnFailureTestExecutionListener, WebDriverTestExecutionListener, MockWebServiceServerTestExecutionListener]
2024-09-17 15:28:09 DEBUG o.s.t.c.s.DirtiesContextBeforeModesTestExecutionListener - Before test class: class [ControllerTest], class annotated with @DirtiesContext [false] with mode [null]
2024-09-17 15:28:10 INFO  o.s.b.d.r.RestartApplicationListener - Restart disabled due to context in which it is running

  .   ____          _            __ _ _
 /\\ / ___'_ __ _ _(_)_ __  __ _ \ \ \ \
( ( )\___ | '_ | '_| | '_ \/ _` | \ \ \ \
 \\/  ___)| |_)| | | | | || (_| |  ) ) ) )
  '  |____| .__|_| |_|_| |_\__, | / / / /
 =========|_|==============|___/=/_/_/_/

 :: Spring Boot ::                (v3.3.2)

2024-09-17 15:28:10 INFO  c.usermanagement.rest.ControllerTest - Starting ControllerTest using Java 21.0.3 with PID 81701 (started by B0317258 in /Users/B0317258/Desktop/UserManagement-main)
2024-09-17 15:28:10 INFO  c.usermanagement.rest.ControllerTest - No active profile set, falling back to 1 default profile: "default"
2024-09-17 15:28:10 INFO  o.s.b.t.m.w.SpringBootMockServletContext - Initializing Spring TestDispatcherServlet ''
2024-09-17 15:28:10 INFO  o.s.t.w.s.TestDispatcherServlet - Initializing Servlet ''
2024-09-17 15:28:10 INFO  o.s.t.w.s.TestDispatcherServlet - Completed initialization in 1 ms
2024-09-17 15:28:10 INFO  c.usermanagement.rest.ControllerTest - Started ControllerTest in 0.473 seconds (process running for 1.545)
2024-09-17 15:28:10 WARN  c.u.rest.UserRestController - User ID not found: 1
]]></system-out>
  </testcase>
  <testcase name="testAddUser" classname="com.usermanagement.rest.ControllerTest" time="0.033">
    <system-out><![CDATA[2024-09-17 15:28:10 INFO  c.u.rest.UserRestController - User added with ID: 1
]]></system-out>
  </testcase>
  <testcase name="testFindAllUsers" classname="com.usermanagement.rest.ControllerTest" time="0.004">
    <system-out><![CDATA[2024-09-17 15:28:10 INFO  c.u.rest.UserRestController - Found 2 users
]]></system-out>
  </testcase>
  <testcase name="testUpdateUser" classname="com.usermanagement.rest.ControllerTest" time="0.003">
    <system-out><![CDATA[2024-09-17 15:28:10 INFO  c.u.rest.UserRestController - User updated with ID: 1
]]></system-out>
  </testcase>
  <testcase name="testGetUser" classname="com.usermanagement.rest.ControllerTest" time="0.002">
    <system-out><![CDATA[2024-09-17 15:28:10 INFO  c.u.rest.UserRestController - User found with ID: 1
]]></system-out>
  </testcase>
  <testcase name="testDeleteUser" classname="com.usermanagement.rest.ControllerTest" time="0.003">
    <system-out><![CDATA[2024-09-17 15:28:10 INFO  c.u.rest.UserRestController - User deleted with ID: 1
]]></system-out>
  </testcase>
  <testcase name="testDeleteUserNotFound" classname="com.usermanagement.rest.ControllerTest" time="0.002">
    <system-out><![CDATA[2024-09-17 15:28:10 WARN  c.u.rest.UserRestController - User ID not found: 1
]]></system-out>
  </testcase>
</testsuite>